#
# There is insufficient memory for the Java Runtime Environment to continue.
# Native memory allocation (mmap) failed to map 65011712 bytes for G1 virtual space
# Possible reasons:
#   The system is out of physical RAM or swap space
#   The process is running with CompressedOops enabled, and the Java Heap may be blocking the growth of the native heap
# Possible solutions:
#   Reduce memory load on the system
#   Increase physical memory or swap space
#   Check if swap backing store is full
#   Decrease Java heap size (-Xmx/-Xms)
#   Decrease number of Java threads
#   Decrease Java thread stack sizes (-Xss)
#   Set larger code cache with -XX:ReservedCodeCacheSize=
#   JVM is running with Unscaled Compressed Oops mode in which the Java heap is
#     placed in the first 4GB address space. The Java Heap base address is the
#     maximum limit for the native heap growth. Please use -XX:HeapBaseMinAddress
#     to set the Java Heap base and to place the Java Heap above 4GB virtual address.
# This output file may be truncated or incomplete.
#
#  Out of Memory Error (os_windows.cpp:3532), pid=248, tid=14768
#
# JRE version:  (17.0.2+8) (build )
# Java VM: Java HotSpot(TM) 64-Bit Server VM (17.0.2+8-LTS-86, mixed mode, sharing, tiered, compressed oops, compressed class ptrs, g1 gc, windows-amd64)
# No core dump will be written. Minidumps are not enabled by default on client versions of Windows
#

---------------  S U M M A R Y ------------

Command Line: -Dfile.encoding=Cp1252 -XX:+ShowCodeDetailsInExceptionMessages MainMenu

Host: Intel(R) Celeron(R) N4020 CPU @ 1.10GHz, 2 cores, 3G,  Windows 10 , 64 bit Build 19041 (10.0.19041.1889)
Time: Sat Nov 12 11:23:21 2022 Mountain Standard Time elapsed time: 0.129013 seconds (0d 0h 0m 0s)

---------------  T H R E A D  ---------------

Current thread (0x00000167b7c0ba20):  JavaThread "Unknown thread" [_thread_in_vm, id=14768, stack(0x0000000b0e000000,0x0000000b0e100000)]

Stack: [0x0000000b0e000000,0x0000000b0e100000]
Native frames: (J=compiled Java code, j=interpreted, Vv=VM code, C=native code)
V  [jvm.dll+0x670baa]
V  [jvm.dll+0x7cfcb4]
V  [jvm.dll+0x7d145e]
V  [jvm.dll+0x7d1ac3]
V  [jvm.dll+0x242bc5]
V  [jvm.dll+0x66dac9]
V  [jvm.dll+0x662412]
V  [jvm.dll+0x300c0b]
V  [jvm.dll+0x3081a6]
V  [jvm.dll+0x357d0e]
V  [jvm.dll+0x357f3f]
V  [jvm.dll+0x2d7ec8]
V  [jvm.dll+0x2d8e34]
V  [jvm.dll+0x7a18c1]
V  [jvm.dll+0x365a91]
V  [jvm.dll+0x780d2c]
V  [jvm.dll+0x3e845f]
V  [jvm.dll+0x3e9f01]
C  [jli.dll+0x527b]
C  [ucrtbase.dll+0x21bb2]
C  [KERNEL32.DLL+0x17034]
C  [ntdll.dll+0x526a1]


---------------  P R O C E S S  ---------------

Threads class SMR info:
_java_thread_list=0x00007ffb814d9858, length=0, elements={
}

Java Threads: ( => current thread )

Other Threads:
  0x00000167b7c38750 GCTaskThread "GC Thread#0" [stack: 0x0000000b0e100000,0x0000000b0e200000] [id=9708]
  0x00000167b7c42030 ConcurrentGCThread "G1 Main Marker" [stack: 0x0000000b0e200000,0x0000000b0e300000] [id=3304]
  0x00000167b7c43230 ConcurrentGCThread "G1 Conc#0" [stack: 0x0000000b0e300000,0x0000000b0e400000] [id=3264]

[error occurred during error reporting (printing all threads), id 0xc0000005, EXCEPTION_ACCESS_VIOLATION (0xc0000005) at pc=0x00007ffb80d288a7]

VM state: not at safepoint (not fully initialized)

VM Mutex/Monitor currently owned by a thread:  ([mutex/lock_event])
[0x00000167b7c08530] Heap_lock - owner thread: 0x00000167b7c0ba20

Heap address: 0x00000000c2c00000, size: 980 MB, Compressed Oops mode: 32-bit

CDS archive(s) mapped at: [0x0000000000000000-0x0000000000000000-0x0000000000000000), size 0, SharedBaseAddress: 0x0000000800000000, ArchiveRelocationMode: 0.
Narrow klass base: 0x0000000000000000, Narrow klass shift: 0, Narrow klass range: 0x0

GC Precious Log:
<Empty>

Heap:
 garbage-first heap   total 0K, used 0K [0x00000000c2c00000, 0x0000000100000000)
  region size 1024K, 0 young (0K), 0 survivors (0K)

[error occurred during error reporting (printing heap information), id 0xc0000005, EXCEPTION_ACCESS_VIOLATION (0xc0000005) at pc=0x00007ffb81109f19]

GC Heap History (0 events):
No events

Deoptimization events (0 events):
No events

Classes unloaded (0 events):
No events

Classes redefined (0 events):
No events

Internal exceptions (0 events):
No events

VM Operations (0 events):
No events

Events (1 events):
Event: 0.034 Loaded shared library C:\Users\laure\OneDrive\Documents\CS 123\Java\bin\java.dll


Dynamic libraries:
0x00007ff61a570000 - 0x00007ff61a580000 	C:\Users\laure\OneDrive\Documents\CS 123\Java\bin\javaw.exe
0x00007ffbb0950000 - 0x00007ffbb0b48000 	C:\Windows\SYSTEM32\ntdll.dll
0x00007ffbaf5f0000 - 0x00007ffbaf6ad000 	C:\Windows\System32\KERNEL32.DLL
0x00007ffbae4d0000 - 0x00007ffbae7a2000 	C:\Windows\System32\KERNELBASE.dll
0x00007ffbae060000 - 0x00007ffbae160000 	C:\Windows\System32\ucrtbase.dll
0x00007ffba7ee0000 - 0x00007ffba7ef8000 	C:\Users\laure\OneDrive\Documents\CS 123\Java\bin\jli.dll
0x00007ffbaf250000 - 0x00007ffbaf2fe000 	C:\Windows\System32\ADVAPI32.dll
0x00007ffbb0870000 - 0x00007ffbb090e000 	C:\Windows\System32\msvcrt.dll
0x00007ffbb0470000 - 0x00007ffbb050c000 	C:\Windows\System32\sechost.dll
0x00007ffbaf6d0000 - 0x00007ffbaf7f5000 	C:\Windows\System32\RPCRT4.dll
0x00007ffbaf360000 - 0x00007ffbaf4fd000 	C:\Windows\System32\USER32.dll
0x00007ffbae4a0000 - 0x00007ffbae4c2000 	C:\Windows\System32\win32u.dll
0x00007ffbaee20000 - 0x00007ffbaee4b000 	C:\Windows\System32\GDI32.dll
0x00007ffbae160000 - 0x00007ffbae26f000 	C:\Windows\System32\gdi32full.dll
0x00007ffbae400000 - 0x00007ffbae49d000 	C:\Windows\System32\msvcp_win.dll
0x00007ffba8160000 - 0x00007ffba817a000 	C:\Users\laure\OneDrive\Documents\CS 123\Java\bin\VCRUNTIME140.dll
0x00007ffb98140000 - 0x00007ffb983da000 	C:\Windows\WinSxS\amd64_microsoft.windows.common-controls_6595b64144ccf1df_6.0.19041.1110_none_60b5254171f9507e\COMCTL32.dll
0x00007ffba7b30000 - 0x00007ffba7b3a000 	C:\Windows\SYSTEM32\VERSION.dll
0x00007ffbaea10000 - 0x00007ffbaea40000 	C:\Windows\System32\IMM32.DLL
0x00007ffba8740000 - 0x00007ffba874c000 	C:\Users\laure\OneDrive\Documents\CS 123\Java\bin\vcruntime140_1.dll
0x00007ffb89700000 - 0x00007ffb8978d000 	C:\Users\laure\OneDrive\Documents\CS 123\Java\bin\msvcp140.dll
0x00007ffb80a40000 - 0x00007ffb81601000 	C:\Users\laure\OneDrive\Documents\CS 123\Java\bin\server\jvm.dll
0x00007ffbaed40000 - 0x00007ffbaed48000 	C:\Windows\System32\PSAPI.DLL
0x00007ffba3f70000 - 0x00007ffba3f79000 	C:\Windows\SYSTEM32\WSOCK32.dll
0x00007ffbaed50000 - 0x00007ffbaedbb000 	C:\Windows\System32\WS2_32.dll
0x00007ffb999c0000 - 0x00007ffb999e7000 	C:\Windows\SYSTEM32\WINMM.dll
0x00007ffbac8b0000 - 0x00007ffbac8c2000 	C:\Windows\SYSTEM32\kernel.appcore.dll
0x00007ffba3e40000 - 0x00007ffba3e4a000 	C:\Users\laure\OneDrive\Documents\CS 123\Java\bin\jimage.dll
0x00007ffbac5c0000 - 0x00007ffbac7a4000 	C:\Windows\SYSTEM32\DBGHELP.DLL
0x00007ffba5c90000 - 0x00007ffba5cbc000 	C:\Windows\SYSTEM32\dbgcore.DLL
0x00007ffbae270000 - 0x00007ffbae2f2000 	C:\Windows\System32\bcryptPrimitives.dll
0x00007ffba34c0000 - 0x00007ffba34e5000 	C:\Users\laure\OneDrive\Documents\CS 123\Java\bin\java.dll

dbghelp: loaded successfully - version: 4.0.5 - missing functions: none
symbol engine: initialized successfully - sym options: 0x614 - pdb path: .;C:\Users\laure\OneDrive\Documents\CS 123\Java\bin;C:\Windows\SYSTEM32;C:\Windows\WinSxS\amd64_microsoft.windows.common-controls_6595b64144ccf1df_6.0.19041.1110_none_60b5254171f9507e;C:\Users\laure\OneDrive\Documents\CS 123\Java\bin\server

VM Arguments:
jvm_args: -Dfile.encoding=Cp1252 -XX:+ShowCodeDetailsInExceptionMessages 
java_command: MainMenu
java_class_path (initial): C:\Users\laure\Git\CS-234-Project\TeaShop_NA_TB_LG\target\classes
Launcher Type: SUN_STANDARD

[Global flags]
     intx CICompilerCount                          = 2                                         {product} {ergonomic}
     uint ConcGCThreads                            = 1                                         {product} {ergonomic}
     uint G1ConcRefinementThreads                  = 2                                         {product} {ergonomic}
   size_t G1HeapRegionSize                         = 1048576                                   {product} {ergonomic}
    uintx GCDrainStackTargetSize                   = 64                                        {product} {ergonomic}
   size_t InitialHeapSize                          = 65011712                                  {product} {ergonomic}
   size_t MarkStackSize                            = 4194304                                   {product} {ergonomic}
   size_t MaxHeapSize                              = 1027604480                                {product} {ergonomic}
   size_t MinHeapDeltaBytes                        = 1048576                                   {product} {ergonomic}
   size_t MinHeapSize                              = 8388608                                   {product} {ergonomic}
    uintx NonNMethodCodeHeapSize                   = 5826188                                {pd product} {ergonomic}
    uintx NonProfiledCodeHeapSize                  = 122916026                              {pd product} {ergonomic}
    uintx ProfiledCodeHeapSize                     = 122916026                              {pd product} {ergonomic}
    uintx ReservedCodeCacheSize                    = 251658240                              {pd product} {ergonomic}
     bool SegmentedCodeCache                       = true                                      {product} {ergonomic}
     bool ShowCodeDetailsInExceptionMessages       = true                                   {manageable} {command line}
   size_t SoftMaxHeapSize                          = 1027604480                             {manageable} {ergonomic}
     bool UseCompressedClassPointers               = true                           {product lp64_product} {ergonomic}
     bool UseCompressedOops                        = true                           {product lp64_product} {ergonomic}
     bool UseG1GC                                  = true                                      {product} {ergonomic}
     bool UseLargePagesIndividualAllocation        = false                                  {pd product} {ergonomic}

Logging:
Log output configuration:
 #0: stdout all=warning uptime,level,tags
 #1: stderr all=off uptime,level,tags

Environment Variables:
JAVA_HOME=C:\Users\laure\OneDrive\Documents\CS 123\Java
PATH=C:\Program Files\Common Files\Oracle\Java\javapath;C:\Windows\system32;C:\Windows;C:\Windows\System32\Wbem;C:\Windows\System32\WindowsPowerShell\v1.0\;C:\Windows\System32\OpenSSH\;C:\Users\laure\OneDrive\Documents\CS 123\Java\bin;C:\Users\laure\OneDrive\Documents\CS 120\Python\Scripts\;C:\Users\laure\OneDrive\Documents\CS 120\Python\;C:\Users\laure\AppData\Local\Microsoft\WindowsApps;C:\Users\laure\Documents\Microsoft VS Code\bin
USERNAME=laure
OS=Windows_NT
PROCESSOR_IDENTIFIER=Intel64 Family 6 Model 122 Stepping 8, GenuineIntel



---------------  S Y S T E M  ---------------

OS:
 Windows 10 , 64 bit Build 19041 (10.0.19041.1889)
OS uptime: 18 days 12:30 hours

CPU: total 2 (initial active 2) (2 cores per cpu, 1 threads per core) family 6 model 122 stepping 8 microcode 0x18, cx8, cmov, fxsr, mmx, 3dnowpref, sse, sse2, sse3, ssse3, sse4.1, sse4.2, popcnt, tsc, tscinvbit, aes, erms, clmul, sha, clflush, clflushopt

Memory: 4k page, system-wide physical 3918M (442M free)
TotalPageFile size 11229M (AvailPageFile size 43M)
current process WorkingSet (physical memory assigned to process): 9M, peak: 9M
current process commit charge ("private bytes"): 47M, peak: 109M

vm_info: Java HotSpot(TM) 64-Bit Server VM (17.0.2+8-LTS-86) for windows-amd64 JRE (17.0.2+8-LTS-86), built on Dec  7 2021 21:51:03 by "mach5one" with MS VC++ 16.8 / 16.9 (VS2019)

END.
